06/12/2018 11:16:52 PM | DEBUG - cooperage.py [89]:  Starting __init__ for cooper_app.py file
06/12/2018 11:16:52 PM | DEBUG - cooperage.py [95]:  Checking for local DB...
06/12/2018 11:16:52 PM | INFO - cooperage.py [101]:  Creating new item...
06/12/2018 11:16:52 PM | DEBUG - cooperage.py [49]:  Returning new cooper_item via create_piece()
06/12/2018 11:16:52 PM | DEBUG - cooper_item.py [43]:  Starting __init__ for CooperageItem
06/12/2018 11:16:52 PM | DEBUG - wood.py [20]:  Creating initial wood data...
06/12/2018 11:16:52 PM | DEBUG - wood.py [28]:  Completed setup...
06/12/2018 11:16:52 PM | DEBUG - cooper_item.py [54]:  Returning datetime
06/12/2018 11:16:52 PM | DEBUG - cooperage.py [51]:  Successfully created item None!
06/12/2018 11:16:52 PM | INFO - cooperage.py [103]:  New item created!
06/12/2018 11:16:52 PM | INFO - cooperage.py [111]:  Updating at_cost...
06/12/2018 11:16:52 PM | DEBUG - wood.py [39]:  Updated at_cost from USA 0.00 to 4.69
06/12/2018 11:16:52 PM | DEBUG - cooper_item.py [86]:  Adding USA 0.00 to USA 4.69 for at_cost
06/12/2018 11:16:52 PM | INFO - cooperage.py [117]:  Creating new item...
06/12/2018 11:16:52 PM | DEBUG - cooperage.py [49]:  Returning new cooper_item via create_piece()
06/12/2018 11:16:52 PM | DEBUG - cooper_item.py [43]:  Starting __init__ for CooperageItem
06/12/2018 11:16:52 PM | DEBUG - wood.py [20]:  Creating initial wood data...
06/12/2018 11:16:52 PM | DEBUG - wood.py [28]:  Completed setup...
06/12/2018 11:16:52 PM | DEBUG - cooper_item.py [54]:  Returning datetime
06/12/2018 11:16:52 PM | DEBUG - cooperage.py [51]:  Successfully created item None!
06/12/2018 11:16:52 PM | INFO - cooperage.py [127]:  Final list is:
[{'at_cost': USA 4.69,
  'completion_date': 'Not yet completed',
  'custom_bool': False,
  'date_added': '2018-6-12',
  'discount': 0,
  'hard_vs_soft': False,
  'itemNum': None,
  'markup': USA 0,
  'notes': '',
  'price_sold': USA 0,
  'vip_bool': False,
  'wood_type': ''},
 {'at_cost': USA 0,
  'completion_date': 'Not yet completed',
  'custom_bool': False,
  'date_added': '2018-6-12',
  'discount': 0,
  'hard_vs_soft': False,
  'itemNum': None,
  'markup': USA 0,
  'notes': '',
  'price_sold': USA 0,
  'vip_bool': False,
  'wood_type': ''}]
06/12/2018 11:16:52 PM | DEBUG - cooperage.py [135]:  Completing __init__ for cooper_app.py file
