2018-11-27 00:08:15,612|DEBUG: __main__ @ 278|Starting __main__()...
2018-11-27 00:08:15,612|DEBUG: __main__ @ 150|Starting get_user_input()...
2018-11-27 00:08:15,613|DEBUG: __main__ @ 77|Creating new Choice class object...
2018-11-27 00:08:15,613|DEBUG: __main__ @ 79|Completed creation of new Choice class object...
2018-11-27 00:08:15,613|DEBUG: __main__ @ 127|Requesting input...
2018-11-27 00:08:16,578|DEBUG: __main__ @ 132|Attempting to check input ...
2018-11-27 00:08:16,579|WARNING: __main__ @ 120|Integer not provided
2018-11-27 00:08:28,934|DEBUG: __main__ @ 132|Attempting to check input ...
2018-11-27 00:08:28,934|WARNING: __main__ @ 123|Valid integer not provided
2018-11-27 00:08:34,856|DEBUG: __main__ @ 132|Attempting to check input ...
2018-11-27 00:08:34,856|DEBUG: __main__ @ 135|Input received. Returning response:  3
2018-11-27 00:08:34,856|DEBUG: __main__ @ 153|Ending get_user_input() & returning:  3
2018-11-27 00:08:34,856|DEBUG: __main__ @ 175|Starting get_comp_choice()...
2018-11-27 00:08:34,856|DEBUG: __main__ @ 177|Ending get_comp_choice() & returning:  3
2018-11-27 00:08:34,856|DEBUG: __main__ @ 228|Starting calc_winner()...
2018-11-27 00:08:34,856|DEBUG: __main__ @ 232|Attempting to call compare()...
2018-11-27 00:08:34,856|DEBUG: __main__ @ 220|Ending calc_winner()...
2018-11-27 00:08:34,856|DEBUG: __main__ @ 234|Ending calc_winner()...
2018-11-27 00:08:34,856|DEBUG: __main__ @ 264|Starting print_winner()...
2018-11-27 00:08:34,857|DEBUG: __main__ @ 268|Ending print_winner()...
2018-11-27 00:08:34,857|DEBUG: __main__ @ 307|Ending __main__()...
